{"/Users/sbecker11/workspace-sushi/sushi-rag-app/backend/routes/assistant.js": {"path":"/Users/sbecker11/workspace-sushi/sushi-rag-app/backend/routes/assistant.js","statementMap":{"0":{"start":{"line":6,"column":15},"end":{"line":6,"column":31}},"1":{"start":{"line":13,"column":0},"end":{"line":34,"column":3}},"2":{"start":{"line":14,"column":2},"end":{"line":33,"column":3}},"3":{"start":{"line":15,"column":25},"end":{"line":15,"column":33}},"4":{"start":{"line":17,"column":4},"end":{"line":19,"column":5}},"5":{"start":{"line":18,"column":6},"end":{"line":18,"column":69}},"6":{"start":{"line":21,"column":4},"end":{"line":26,"column":5}},"7":{"start":{"line":22,"column":6},"end":{"line":25,"column":9}},"8":{"start":{"line":28,"column":19},"end":{"line":28,"column":49}},"9":{"start":{"line":29,"column":4},"end":{"line":29,"column":21}},"10":{"start":{"line":31,"column":4},"end":{"line":31,"column":52}},"11":{"start":{"line":32,"column":4},"end":{"line":32,"column":66}},"12":{"start":{"line":41,"column":0},"end":{"line":62,"column":3}},"13":{"start":{"line":42,"column":2},"end":{"line":61,"column":3}},"14":{"start":{"line":43,"column":38},"end":{"line":43,"column":46}},"15":{"start":{"line":45,"column":4},"end":{"line":47,"column":5}},"16":{"start":{"line":46,"column":6},"end":{"line":46,"column":68}},"17":{"start":{"line":49,"column":4},"end":{"line":54,"column":5}},"18":{"start":{"line":50,"column":6},"end":{"line":53,"column":9}},"19":{"start":{"line":56,"column":19},"end":{"line":56,"column":60}},"20":{"start":{"line":57,"column":4},"end":{"line":57,"column":21}},"21":{"start":{"line":59,"column":4},"end":{"line":59,"column":53}},"22":{"start":{"line":60,"column":4},"end":{"line":60,"column":70}},"23":{"start":{"line":69,"column":0},"end":{"line":90,"column":3}},"24":{"start":{"line":70,"column":2},"end":{"line":89,"column":3}},"25":{"start":{"line":71,"column":33},"end":{"line":71,"column":41}},"26":{"start":{"line":73,"column":4},"end":{"line":75,"column":5}},"27":{"start":{"line":74,"column":6},"end":{"line":74,"column":66}},"28":{"start":{"line":77,"column":4},"end":{"line":82,"column":5}},"29":{"start":{"line":78,"column":6},"end":{"line":81,"column":9}},"30":{"start":{"line":84,"column":20},"end":{"line":84,"column":66}},"31":{"start":{"line":85,"column":4},"end":{"line":85,"column":26}},"32":{"start":{"line":87,"column":4},"end":{"line":87,"column":55}},"33":{"start":{"line":88,"column":4},"end":{"line":88,"column":53}},"34":{"start":{"line":96,"column":0},"end":{"line":102,"column":3}},"35":{"start":{"line":97,"column":2},"end":{"line":101,"column":5}}},"fnMap":{"0":{"name":"(anonymous_0)","decl":{"start":{"line":13,"column":20},"end":{"line":13,"column":21}},"loc":{"start":{"line":13,"column":40},"end":{"line":34,"column":1}},"line":13},"1":{"name":"(anonymous_1)","decl":{"start":{"line":41,"column":21},"end":{"line":41,"column":22}},"loc":{"start":{"line":41,"column":41},"end":{"line":62,"column":1}},"line":41},"2":{"name":"(anonymous_2)","decl":{"start":{"line":69,"column":23},"end":{"line":69,"column":24}},"loc":{"start":{"line":69,"column":43},"end":{"line":90,"column":1}},"line":69},"3":{"name":"(anonymous_3)","decl":{"start":{"line":96,"column":22},"end":{"line":96,"column":23}},"loc":{"start":{"line":96,"column":36},"end":{"line":102,"column":1}},"line":96}},"branchMap":{"0":{"loc":{"start":{"line":17,"column":4},"end":{"line":19,"column":5}},"type":"if","locations":[{"start":{"line":17,"column":4},"end":{"line":19,"column":5}},{"start":{},"end":{}}],"line":17},"1":{"loc":{"start":{"line":21,"column":4},"end":{"line":26,"column":5}},"type":"if","locations":[{"start":{"line":21,"column":4},"end":{"line":26,"column":5}},{"start":{},"end":{}}],"line":21},"2":{"loc":{"start":{"line":43,"column":21},"end":{"line":43,"column":33}},"type":"default-arg","locations":[{"start":{"line":43,"column":31},"end":{"line":43,"column":33}}],"line":43},"3":{"loc":{"start":{"line":45,"column":4},"end":{"line":47,"column":5}},"type":"if","locations":[{"start":{"line":45,"column":4},"end":{"line":47,"column":5}},{"start":{},"end":{}}],"line":45},"4":{"loc":{"start":{"line":49,"column":4},"end":{"line":54,"column":5}},"type":"if","locations":[{"start":{"line":49,"column":4},"end":{"line":54,"column":5}},{"start":{},"end":{}}],"line":49},"5":{"loc":{"start":{"line":71,"column":19},"end":{"line":71,"column":28}},"type":"default-arg","locations":[{"start":{"line":71,"column":27},"end":{"line":71,"column":28}}],"line":71},"6":{"loc":{"start":{"line":73,"column":4},"end":{"line":75,"column":5}},"type":"if","locations":[{"start":{"line":73,"column":4},"end":{"line":75,"column":5}},{"start":{},"end":{}}],"line":73},"7":{"loc":{"start":{"line":77,"column":4},"end":{"line":82,"column":5}},"type":"if","locations":[{"start":{"line":77,"column":4},"end":{"line":82,"column":5}},{"start":{},"end":{}}],"line":77}},"s":{"0":0,"1":0,"2":0,"3":0,"4":0,"5":0,"6":0,"7":0,"8":0,"9":0,"10":0,"11":0,"12":0,"13":0,"14":0,"15":0,"16":0,"17":0,"18":0,"19":0,"20":0,"21":0,"22":0,"23":0,"24":0,"25":0,"26":0,"27":0,"28":0,"29":0,"30":0,"31":0,"32":0,"33":0,"34":0,"35":0},"f":{"0":0,"1":0,"2":0,"3":0},"b":{"0":[0,0],"1":[0,0],"2":[0],"3":[0,0],"4":[0,0],"5":[0],"6":[0,0],"7":[0,0]},"inputSourceMap":null}
,"/Users/sbecker11/workspace-sushi/sushi-rag-app/backend/routes/menu.js": {"path":"/Users/sbecker11/workspace-sushi/sushi-rag-app/backend/routes/menu.js","statementMap":{"0":{"start":{"line":4,"column":15},"end":{"line":4,"column":31}},"1":{"start":{"line":11,"column":0},"end":{"line":28,"column":3}},"2":{"start":{"line":12,"column":2},"end":{"line":27,"column":3}},"3":{"start":{"line":13,"column":22},"end":{"line":13,"column":44}},"4":{"start":{"line":14,"column":4},"end":{"line":14,"column":24}},"5":{"start":{"line":16,"column":4},"end":{"line":16,"column":49}},"6":{"start":{"line":19,"column":4},"end":{"line":26,"column":5}},"7":{"start":{"line":20,"column":6},"end":{"line":23,"column":9}},"8":{"start":{"line":25,"column":6},"end":{"line":25,"column":62}}},"fnMap":{"0":{"name":"(anonymous_0)","decl":{"start":{"line":11,"column":16},"end":{"line":11,"column":17}},"loc":{"start":{"line":11,"column":36},"end":{"line":28,"column":1}},"line":11}},"branchMap":{"0":{"loc":{"start":{"line":19,"column":4},"end":{"line":26,"column":5}},"type":"if","locations":[{"start":{"line":19,"column":4},"end":{"line":26,"column":5}},{"start":{"line":24,"column":11},"end":{"line":26,"column":5}}],"line":19}},"s":{"0":0,"1":0,"2":0,"3":0,"4":0,"5":0,"6":0,"7":0,"8":0},"f":{"0":0},"b":{"0":[0,0]},"inputSourceMap":null}
,"/Users/sbecker11/workspace-sushi/sushi-rag-app/backend/routes/orders.js": {"path":"/Users/sbecker11/workspace-sushi/sushi-rag-app/backend/routes/orders.js","statementMap":{"0":{"start":{"line":4,"column":15},"end":{"line":4,"column":31}},"1":{"start":{"line":7,"column":23},"end":{"line":11,"column":1}},"2":{"start":{"line":8,"column":2},"end":{"line":10,"column":3}},"3":{"start":{"line":9,"column":4},"end":{"line":9,"column":25}},"4":{"start":{"line":17,"column":0},"end":{"line":47,"column":3}},"5":{"start":{"line":18,"column":2},"end":{"line":46,"column":3}},"6":{"start":{"line":20,"column":24},"end":{"line":20,"column":34}},"7":{"start":{"line":21,"column":25},"end":{"line":23,"column":5}},"8":{"start":{"line":24,"column":4},"end":{"line":24,"column":87}},"9":{"start":{"line":27,"column":23},"end":{"line":27,"column":33}},"10":{"start":{"line":28,"column":19},"end":{"line":39,"column":5}},"11":{"start":{"line":30,"column":28},"end":{"line":33,"column":9}},"12":{"start":{"line":34,"column":8},"end":{"line":37,"column":10}},"13":{"start":{"line":40,"column":4},"end":{"line":40,"column":120}},"14":{"start":{"line":42,"column":4},"end":{"line":42,"column":21}},"15":{"start":{"line":44,"column":4},"end":{"line":44,"column":51}},"16":{"start":{"line":45,"column":4},"end":{"line":45,"column":62}},"17":{"start":{"line":53,"column":0},"end":{"line":87,"column":3}},"18":{"start":{"line":54,"column":2},"end":{"line":86,"column":3}},"19":{"start":{"line":55,"column":19},"end":{"line":55,"column":29}},"20":{"start":{"line":58,"column":23},"end":{"line":58,"column":33}},"21":{"start":{"line":59,"column":24},"end":{"line":62,"column":5}},"22":{"start":{"line":63,"column":4},"end":{"line":63,"column":87}},"23":{"start":{"line":65,"column":4},"end":{"line":67,"column":5}},"24":{"start":{"line":66,"column":6},"end":{"line":66,"column":64}},"25":{"start":{"line":70,"column":23},"end":{"line":70,"column":33}},"26":{"start":{"line":71,"column":24},"end":{"line":74,"column":5}},"27":{"start":{"line":75,"column":4},"end":{"line":75,"column":87}},"28":{"start":{"line":77,"column":18},"end":{"line":80,"column":5}},"29":{"start":{"line":82,"column":4},"end":{"line":82,"column":20}},"30":{"start":{"line":84,"column":4},"end":{"line":84,"column":50}},"31":{"start":{"line":85,"column":4},"end":{"line":85,"column":61}},"32":{"start":{"line":93,"column":0},"end":{"line":338,"column":3}},"33":{"start":{"line":94,"column":17},"end":{"line":94,"column":37}},"34":{"start":{"line":96,"column":2},"end":{"line":337,"column":3}},"35":{"start":{"line":97,"column":74},"end":{"line":97,"column":82}},"36":{"start":{"line":100,"column":4},"end":{"line":106,"column":5}},"37":{"start":{"line":101,"column":6},"end":{"line":105,"column":9}},"38":{"start":{"line":108,"column":4},"end":{"line":114,"column":5}},"39":{"start":{"line":109,"column":6},"end":{"line":113,"column":9}},"40":{"start":{"line":116,"column":4},"end":{"line":122,"column":5}},"41":{"start":{"line":117,"column":6},"end":{"line":121,"column":9}},"42":{"start":{"line":125,"column":24},"end":{"line":125,"column":48}},"43":{"start":{"line":126,"column":4},"end":{"line":132,"column":5}},"44":{"start":{"line":127,"column":6},"end":{"line":131,"column":9}},"45":{"start":{"line":134,"column":4},"end":{"line":140,"column":5}},"46":{"start":{"line":135,"column":6},"end":{"line":139,"column":9}},"47":{"start":{"line":143,"column":23},"end":{"line":143,"column":52}},"48":{"start":{"line":144,"column":4},"end":{"line":150,"column":5}},"49":{"start":{"line":145,"column":6},"end":{"line":149,"column":9}},"50":{"start":{"line":152,"column":4},"end":{"line":158,"column":5}},"51":{"start":{"line":153,"column":6},"end":{"line":157,"column":9}},"52":{"start":{"line":161,"column":4},"end":{"line":195,"column":5}},"53":{"start":{"line":161,"column":17},"end":{"line":161,"column":18}},"54":{"start":{"line":162,"column":19},"end":{"line":162,"column":27}},"55":{"start":{"line":164,"column":6},"end":{"line":170,"column":7}},"56":{"start":{"line":165,"column":8},"end":{"line":169,"column":11}},"57":{"start":{"line":172,"column":6},"end":{"line":178,"column":7}},"58":{"start":{"line":173,"column":8},"end":{"line":177,"column":11}},"59":{"start":{"line":180,"column":6},"end":{"line":186,"column":7}},"60":{"start":{"line":181,"column":8},"end":{"line":185,"column":11}},"61":{"start":{"line":188,"column":6},"end":{"line":194,"column":7}},"62":{"start":{"line":189,"column":8},"end":{"line":193,"column":11}},"63":{"start":{"line":198,"column":4},"end":{"line":204,"column":5}},"64":{"start":{"line":199,"column":6},"end":{"line":203,"column":9}},"65":{"start":{"line":207,"column":29},"end":{"line":207,"column":39}},"66":{"start":{"line":210,"column":23},"end":{"line":210,"column":33}},"67":{"start":{"line":211,"column":4},"end":{"line":211,"column":32}},"68":{"start":{"line":212,"column":4},"end":{"line":212,"column":87}},"69":{"start":{"line":215,"column":29},"end":{"line":215,"column":39}},"70":{"start":{"line":216,"column":24},"end":{"line":221,"column":5}},"71":{"start":{"line":222,"column":4},"end":{"line":222,"column":88}},"72":{"start":{"line":224,"column":18},"end":{"line":224,"column":37}},"73":{"start":{"line":227,"column":29},"end":{"line":227,"column":39}},"74":{"start":{"line":228,"column":25},"end":{"line":236,"column":6}},"75":{"start":{"line":229,"column":23},"end":{"line":229,"column":49}},"76":{"start":{"line":230,"column":6},"end":{"line":235,"column":8}},"77":{"start":{"line":238,"column":24},"end":{"line":238,"column":55}},"78":{"start":{"line":239,"column":23},"end":{"line":239,"column":64}},"79":{"start":{"line":239,"column":49},"end":{"line":239,"column":63}},"80":{"start":{"line":240,"column":4},"end":{"line":240,"column":110}},"81":{"start":{"line":243,"column":24},"end":{"line":243,"column":34}},"82":{"start":{"line":244,"column":4},"end":{"line":244,"column":33}},"83":{"start":{"line":245,"column":4},"end":{"line":245,"column":89}},"84":{"start":{"line":247,"column":4},"end":{"line":247,"column":98}},"85":{"start":{"line":249,"column":4},"end":{"line":252,"column":7}},"86":{"start":{"line":255,"column":4},"end":{"line":259,"column":5}},"87":{"start":{"line":256,"column":6},"end":{"line":256,"column":37}},"88":{"start":{"line":258,"column":6},"end":{"line":258,"column":70}},"89":{"start":{"line":261,"column":4},"end":{"line":261,"column":50}},"90":{"start":{"line":264,"column":4},"end":{"line":311,"column":5}},"91":{"start":{"line":266,"column":6},"end":{"line":310,"column":7}},"92":{"start":{"line":268,"column":10},"end":{"line":272,"column":13}},"93":{"start":{"line":275,"column":10},"end":{"line":279,"column":13}},"94":{"start":{"line":282,"column":10},"end":{"line":286,"column":13}},"95":{"start":{"line":289,"column":10},"end":{"line":293,"column":13}},"96":{"start":{"line":296,"column":10},"end":{"line":299,"column":13}},"97":{"start":{"line":303,"column":10},"end":{"line":306,"column":13}},"98":{"start":{"line":309,"column":10},"end":{"line":309,"column":70}},"99":{"start":{"line":314,"column":4},"end":{"line":319,"column":5}},"100":{"start":{"line":315,"column":6},"end":{"line":318,"column":9}},"101":{"start":{"line":322,"column":4},"end":{"line":327,"column":5}},"102":{"start":{"line":323,"column":6},"end":{"line":326,"column":9}},"103":{"start":{"line":330,"column":4},"end":{"line":334,"column":7}},"104":{"start":{"line":336,"column":4},"end":{"line":336,"column":21}}},"fnMap":{"0":{"name":"(anonymous_0)","decl":{"start":{"line":7,"column":23},"end":{"line":7,"column":24}},"loc":{"start":{"line":7,"column":36},"end":{"line":11,"column":1}},"line":7},"1":{"name":"(anonymous_1)","decl":{"start":{"line":17,"column":16},"end":{"line":17,"column":17}},"loc":{"start":{"line":17,"column":36},"end":{"line":47,"column":1}},"line":17},"2":{"name":"(anonymous_2)","decl":{"start":{"line":29,"column":28},"end":{"line":29,"column":29}},"loc":{"start":{"line":29,"column":45},"end":{"line":38,"column":7}},"line":29},"3":{"name":"(anonymous_3)","decl":{"start":{"line":53,"column":19},"end":{"line":53,"column":20}},"loc":{"start":{"line":53,"column":39},"end":{"line":87,"column":1}},"line":53},"4":{"name":"(anonymous_4)","decl":{"start":{"line":93,"column":17},"end":{"line":93,"column":18}},"loc":{"start":{"line":93,"column":37},"end":{"line":338,"column":1}},"line":93},"5":{"name":"(anonymous_5)","decl":{"start":{"line":228,"column":35},"end":{"line":228,"column":36}},"loc":{"start":{"line":228,"column":43},"end":{"line":236,"column":5}},"line":228},"6":{"name":"(anonymous_6)","decl":{"start":{"line":239,"column":39},"end":{"line":239,"column":40}},"loc":{"start":{"line":239,"column":49},"end":{"line":239,"column":63}},"line":239}},"branchMap":{"0":{"loc":{"start":{"line":8,"column":2},"end":{"line":10,"column":3}},"type":"if","locations":[{"start":{"line":8,"column":2},"end":{"line":10,"column":3}},{"start":{},"end":{}}],"line":8},"1":{"loc":{"start":{"line":65,"column":4},"end":{"line":67,"column":5}},"type":"if","locations":[{"start":{"line":65,"column":4},"end":{"line":67,"column":5}},{"start":{},"end":{}}],"line":65},"2":{"loc":{"start":{"line":100,"column":4},"end":{"line":106,"column":5}},"type":"if","locations":[{"start":{"line":100,"column":4},"end":{"line":106,"column":5}},{"start":{},"end":{}}],"line":100},"3":{"loc":{"start":{"line":100,"column":8},"end":{"line":100,"column":39}},"type":"binary-expr","locations":[{"start":{"line":100,"column":8},"end":{"line":100,"column":18}},{"start":{"line":100,"column":22},"end":{"line":100,"column":39}}],"line":100},"4":{"loc":{"start":{"line":108,"column":4},"end":{"line":114,"column":5}},"type":"if","locations":[{"start":{"line":108,"column":4},"end":{"line":114,"column":5}},{"start":{},"end":{}}],"line":108},"5":{"loc":{"start":{"line":108,"column":8},"end":{"line":108,"column":37}},"type":"binary-expr","locations":[{"start":{"line":108,"column":8},"end":{"line":108,"column":17}},{"start":{"line":108,"column":21},"end":{"line":108,"column":37}}],"line":108},"6":{"loc":{"start":{"line":116,"column":4},"end":{"line":122,"column":5}},"type":"if","locations":[{"start":{"line":116,"column":4},"end":{"line":122,"column":5}},{"start":{},"end":{}}],"line":116},"7":{"loc":{"start":{"line":116,"column":8},"end":{"line":116,"column":31}},"type":"binary-expr","locations":[{"start":{"line":116,"column":8},"end":{"line":116,"column":14}},{"start":{"line":116,"column":18},"end":{"line":116,"column":31}}],"line":116},"8":{"loc":{"start":{"line":126,"column":4},"end":{"line":132,"column":5}},"type":"if","locations":[{"start":{"line":126,"column":4},"end":{"line":132,"column":5}},{"start":{},"end":{}}],"line":126},"9":{"loc":{"start":{"line":134,"column":4},"end":{"line":140,"column":5}},"type":"if","locations":[{"start":{"line":134,"column":4},"end":{"line":140,"column":5}},{"start":{},"end":{}}],"line":134},"10":{"loc":{"start":{"line":134,"column":8},"end":{"line":134,"column":41}},"type":"binary-expr","locations":[{"start":{"line":134,"column":8},"end":{"line":134,"column":19}},{"start":{"line":134,"column":23},"end":{"line":134,"column":41}}],"line":134},"11":{"loc":{"start":{"line":144,"column":4},"end":{"line":150,"column":5}},"type":"if","locations":[{"start":{"line":144,"column":4},"end":{"line":150,"column":5}},{"start":{},"end":{}}],"line":144},"12":{"loc":{"start":{"line":144,"column":8},"end":{"line":144,"column":56}},"type":"binary-expr","locations":[{"start":{"line":144,"column":8},"end":{"line":144,"column":30}},{"start":{"line":144,"column":34},"end":{"line":144,"column":56}}],"line":144},"13":{"loc":{"start":{"line":152,"column":4},"end":{"line":158,"column":5}},"type":"if","locations":[{"start":{"line":152,"column":4},"end":{"line":158,"column":5}},{"start":{},"end":{}}],"line":152},"14":{"loc":{"start":{"line":152,"column":8},"end":{"line":152,"column":61}},"type":"binary-expr","locations":[{"start":{"line":152,"column":8},"end":{"line":152,"column":14}},{"start":{"line":152,"column":18},"end":{"line":152,"column":39}},{"start":{"line":152,"column":43},"end":{"line":152,"column":61}}],"line":152},"15":{"loc":{"start":{"line":164,"column":6},"end":{"line":170,"column":7}},"type":"if","locations":[{"start":{"line":164,"column":6},"end":{"line":170,"column":7}},{"start":{},"end":{}}],"line":164},"16":{"loc":{"start":{"line":164,"column":10},"end":{"line":164,"column":41}},"type":"binary-expr","locations":[{"start":{"line":164,"column":10},"end":{"line":164,"column":20}},{"start":{"line":164,"column":24},"end":{"line":164,"column":41}}],"line":164},"17":{"loc":{"start":{"line":172,"column":6},"end":{"line":178,"column":7}},"type":"if","locations":[{"start":{"line":172,"column":6},"end":{"line":178,"column":7}},{"start":{},"end":{}}],"line":172},"18":{"loc":{"start":{"line":172,"column":10},"end":{"line":172,"column":74}},"type":"binary-expr","locations":[{"start":{"line":172,"column":10},"end":{"line":172,"column":21}},{"start":{"line":172,"column":25},"end":{"line":172,"column":55}},{"start":{"line":172,"column":59},"end":{"line":172,"column":74}}],"line":172},"19":{"loc":{"start":{"line":180,"column":6},"end":{"line":186,"column":7}},"type":"if","locations":[{"start":{"line":180,"column":6},"end":{"line":186,"column":7}},{"start":{},"end":{}}],"line":180},"20":{"loc":{"start":{"line":180,"column":10},"end":{"line":180,"column":61}},"type":"binary-expr","locations":[{"start":{"line":180,"column":10},"end":{"line":180,"column":24}},{"start":{"line":180,"column":28},"end":{"line":180,"column":61}}],"line":180},"21":{"loc":{"start":{"line":188,"column":6},"end":{"line":194,"column":7}},"type":"if","locations":[{"start":{"line":188,"column":6},"end":{"line":194,"column":7}},{"start":{},"end":{}}],"line":188},"22":{"loc":{"start":{"line":188,"column":10},"end":{"line":188,"column":48}},"type":"binary-expr","locations":[{"start":{"line":188,"column":10},"end":{"line":188,"column":27}},{"start":{"line":188,"column":31},"end":{"line":188,"column":48}}],"line":188},"23":{"loc":{"start":{"line":198,"column":4},"end":{"line":204,"column":5}},"type":"if","locations":[{"start":{"line":198,"column":4},"end":{"line":204,"column":5}},{"start":{},"end":{}}],"line":198},"24":{"loc":{"start":{"line":198,"column":8},"end":{"line":198,"column":107}},"type":"binary-expr","locations":[{"start":{"line":198,"column":8},"end":{"line":198,"column":32}},{"start":{"line":198,"column":36},"end":{"line":198,"column":55}},{"start":{"line":198,"column":59},"end":{"line":198,"column":89}},{"start":{"line":198,"column":93},"end":{"line":198,"column":107}}],"line":198},"25":{"loc":{"start":{"line":264,"column":4},"end":{"line":311,"column":5}},"type":"if","locations":[{"start":{"line":264,"column":4},"end":{"line":311,"column":5}},{"start":{},"end":{}}],"line":264},"26":{"loc":{"start":{"line":266,"column":6},"end":{"line":310,"column":7}},"type":"switch","locations":[{"start":{"line":267,"column":8},"end":{"line":272,"column":13}},{"start":{"line":274,"column":8},"end":{"line":279,"column":13}},{"start":{"line":281,"column":8},"end":{"line":286,"column":13}},{"start":{"line":288,"column":8},"end":{"line":293,"column":13}},{"start":{"line":295,"column":8},"end":{"line":299,"column":13}},{"start":{"line":301,"column":8},"end":{"line":301,"column":28}},{"start":{"line":302,"column":8},"end":{"line":306,"column":13}},{"start":{"line":308,"column":8},"end":{"line":309,"column":70}}],"line":266},"27":{"loc":{"start":{"line":314,"column":4},"end":{"line":319,"column":5}},"type":"if","locations":[{"start":{"line":314,"column":4},"end":{"line":319,"column":5}},{"start":{},"end":{}}],"line":314},"28":{"loc":{"start":{"line":314,"column":8},"end":{"line":314,"column":63}},"type":"binary-expr","locations":[{"start":{"line":314,"column":8},"end":{"line":314,"column":21}},{"start":{"line":314,"column":25},"end":{"line":314,"column":63}}],"line":314},"29":{"loc":{"start":{"line":322,"column":4},"end":{"line":327,"column":5}},"type":"if","locations":[{"start":{"line":322,"column":4},"end":{"line":327,"column":5}},{"start":{},"end":{}}],"line":322},"30":{"loc":{"start":{"line":322,"column":8},"end":{"line":322,"column":99}},"type":"binary-expr","locations":[{"start":{"line":322,"column":8},"end":{"line":322,"column":21}},{"start":{"line":322,"column":26},"end":{"line":322,"column":59}},{"start":{"line":322,"column":63},"end":{"line":322,"column":98}}],"line":322},"31":{"loc":{"start":{"line":333,"column":15},"end":{"line":333,"column":81}},"type":"cond-expr","locations":[{"start":{"line":333,"column":56},"end":{"line":333,"column":69}},{"start":{"line":333,"column":72},"end":{"line":333,"column":81}}],"line":333}},"s":{"0":1,"1":1,"2":27,"3":0,"4":1,"5":0,"6":0,"7":0,"8":0,"9":0,"10":0,"11":0,"12":0,"13":0,"14":0,"15":0,"16":0,"17":1,"18":0,"19":0,"20":0,"21":0,"22":0,"23":0,"24":0,"25":0,"26":0,"27":0,"28":0,"29":0,"30":0,"31":0,"32":1,"33":29,"34":29,"35":29,"36":29,"37":1,"38":28,"39":1,"40":27,"41":1,"42":26,"43":26,"44":2,"45":24,"46":1,"47":23,"48":23,"49":2,"50":21,"51":2,"52":19,"53":19,"54":22,"55":22,"56":1,"57":21,"58":2,"59":19,"60":2,"61":17,"62":1,"63":13,"64":2,"65":11,"66":11,"67":11,"68":11,"69":11,"70":11,"71":4,"72":4,"73":4,"74":4,"75":7,"76":7,"77":4,"78":4,"79":7,"80":4,"81":4,"82":4,"83":4,"84":4,"85":4,"86":7,"87":7,"88":0,"89":7,"90":7,"91":6,"92":1,"93":1,"94":1,"95":0,"96":1,"97":1,"98":1,"99":2,"100":0,"101":2,"102":1,"103":1,"104":29},"f":{"0":27,"1":0,"2":0,"3":0,"4":29,"5":7,"6":7},"b":{"0":[0,27],"1":[0,0],"2":[1,28],"3":[29,28],"4":[1,27],"5":[28,27],"6":[1,26],"7":[27,26],"8":[2,24],"9":[1,23],"10":[24,23],"11":[2,21],"12":[23,22],"13":[2,19],"14":[21,21,20],"15":[1,21],"16":[22,21],"17":[2,19],"18":[21,21,20],"19":[2,17],"20":[19,18],"21":[1,16],"22":[17,17],"23":[2,11],"24":[13,13,13,12],"25":[6,1],"26":[1,1,1,0,1,1,1,1],"27":[0,2],"28":[2,2],"29":[1,1],"30":[2,2,1],"31":[0,1]},"inputSourceMap":null,"_coverageSchema":"1a1c01bbd47fc00a2c39e90264f33305004495a9","hash":"0c5560553eca34cefd0083538552c93cc73fb545"}
,"/Users/sbecker11/workspace-sushi/sushi-rag-app/backend/services/agentService-simple.js": {"path":"/Users/sbecker11/workspace-sushi/sushi-rag-app/backend/services/agentService-simple.js","statementMap":{"0":{"start":{"line":5,"column":19},"end":{"line":5,"column":49}},"1":{"start":{"line":6,"column":18},"end":{"line":6,"column":37}},"2":{"start":{"line":7,"column":0},"end":{"line":7,"column":61}},"3":{"start":{"line":11,"column":4},"end":{"line":11,"column":29}},"4":{"start":{"line":15,"column":4},"end":{"line":18,"column":5}},"5":{"start":{"line":16,"column":6},"end":{"line":16,"column":60}},"6":{"start":{"line":17,"column":6},"end":{"line":17,"column":13}},"7":{"start":{"line":21,"column":4},"end":{"line":21,"column":85}},"8":{"start":{"line":22,"column":4},"end":{"line":22,"column":29}},"9":{"start":{"line":26,"column":4},"end":{"line":26,"column":28}},"10":{"start":{"line":30,"column":4},"end":{"line":30,"column":93}},"11":{"start":{"line":34,"column":21},"end":{"line":34,"column":39}}},"fnMap":{"0":{"name":"(anonymous_0)","decl":{"start":{"line":10,"column":2},"end":{"line":10,"column":3}},"loc":{"start":{"line":10,"column":16},"end":{"line":12,"column":3}},"line":10},"1":{"name":"(anonymous_1)","decl":{"start":{"line":14,"column":2},"end":{"line":14,"column":3}},"loc":{"start":{"line":14,"column":21},"end":{"line":23,"column":3}},"line":14},"2":{"name":"(anonymous_2)","decl":{"start":{"line":25,"column":2},"end":{"line":25,"column":3}},"loc":{"start":{"line":25,"column":18},"end":{"line":27,"column":3}},"line":25},"3":{"name":"(anonymous_3)","decl":{"start":{"line":29,"column":2},"end":{"line":29,"column":3}},"loc":{"start":{"line":29,"column":38},"end":{"line":31,"column":3}},"line":29}},"branchMap":{"0":{"loc":{"start":{"line":15,"column":4},"end":{"line":18,"column":5}},"type":"if","locations":[{"start":{"line":15,"column":4},"end":{"line":18,"column":5}},{"start":{},"end":{}}],"line":15},"1":{"loc":{"start":{"line":29,"column":20},"end":{"line":29,"column":36}},"type":"default-arg","locations":[{"start":{"line":29,"column":34},"end":{"line":29,"column":36}}],"line":29}},"s":{"0":0,"1":0,"2":0,"3":0,"4":0,"5":0,"6":0,"7":0,"8":0,"9":0,"10":0,"11":0},"f":{"0":0,"1":0,"2":0,"3":0},"b":{"0":[0,0],"1":[0]},"inputSourceMap":null}
,"/Users/sbecker11/workspace-sushi/sushi-rag-app/backend/services/agentService.js": {"path":"/Users/sbecker11/workspace-sushi/sushi-rag-app/backend/services/agentService.js","statementMap":{"0":{"start":{"line":5,"column":19},"end":{"line":5,"column":49}},"1":{"start":{"line":6,"column":18},"end":{"line":6,"column":37}},"2":{"start":{"line":7,"column":0},"end":{"line":7,"column":61}},"3":{"start":{"line":11,"column":4},"end":{"line":11,"column":29}},"4":{"start":{"line":15,"column":4},"end":{"line":18,"column":5}},"5":{"start":{"line":16,"column":6},"end":{"line":16,"column":60}},"6":{"start":{"line":17,"column":6},"end":{"line":17,"column":13}},"7":{"start":{"line":21,"column":4},"end":{"line":21,"column":85}},"8":{"start":{"line":22,"column":4},"end":{"line":22,"column":29}},"9":{"start":{"line":26,"column":4},"end":{"line":26,"column":28}},"10":{"start":{"line":30,"column":4},"end":{"line":30,"column":93}},"11":{"start":{"line":34,"column":21},"end":{"line":34,"column":39}}},"fnMap":{"0":{"name":"(anonymous_0)","decl":{"start":{"line":10,"column":2},"end":{"line":10,"column":3}},"loc":{"start":{"line":10,"column":16},"end":{"line":12,"column":3}},"line":10},"1":{"name":"(anonymous_1)","decl":{"start":{"line":14,"column":2},"end":{"line":14,"column":3}},"loc":{"start":{"line":14,"column":21},"end":{"line":23,"column":3}},"line":14},"2":{"name":"(anonymous_2)","decl":{"start":{"line":25,"column":2},"end":{"line":25,"column":3}},"loc":{"start":{"line":25,"column":18},"end":{"line":27,"column":3}},"line":25},"3":{"name":"(anonymous_3)","decl":{"start":{"line":29,"column":2},"end":{"line":29,"column":3}},"loc":{"start":{"line":29,"column":38},"end":{"line":31,"column":3}},"line":29}},"branchMap":{"0":{"loc":{"start":{"line":15,"column":4},"end":{"line":18,"column":5}},"type":"if","locations":[{"start":{"line":15,"column":4},"end":{"line":18,"column":5}},{"start":{},"end":{}}],"line":15},"1":{"loc":{"start":{"line":29,"column":20},"end":{"line":29,"column":36}},"type":"default-arg","locations":[{"start":{"line":29,"column":34},"end":{"line":29,"column":36}}],"line":29}},"s":{"0":0,"1":0,"2":0,"3":0,"4":0,"5":0,"6":0,"7":0,"8":0,"9":0,"10":0,"11":0},"f":{"0":0,"1":0,"2":0,"3":0},"b":{"0":[0,0],"1":[0]},"inputSourceMap":null}
,"/Users/sbecker11/workspace-sushi/sushi-rag-app/backend/services/menuService.js": {"path":"/Users/sbecker11/workspace-sushi/sushi-rag-app/backend/services/menuService.js","statementMap":{"0":{"start":{"line":6,"column":19},"end":{"line":6,"column":49}},"1":{"start":{"line":7,"column":18},"end":{"line":7,"column":37}},"2":{"start":{"line":10,"column":0},"end":{"line":10,"column":61}},"3":{"start":{"line":13,"column":13},"end":{"line":13,"column":17}},"4":{"start":{"line":16,"column":16},"end":{"line":16,"column":20}},"5":{"start":{"line":17,"column":21},"end":{"line":17,"column":25}},"6":{"start":{"line":18,"column":21},"end":{"line":18,"column":85}},"7":{"start":{"line":21,"column":2},"end":{"line":23,"column":3}},"8":{"start":{"line":22,"column":4},"end":{"line":22,"column":102}},"9":{"start":{"line":25,"column":2},"end":{"line":29,"column":3}},"10":{"start":{"line":26,"column":4},"end":{"line":28,"column":7}},"11":{"start":{"line":31,"column":2},"end":{"line":31,"column":16}},"12":{"start":{"line":40,"column":2},"end":{"line":241,"column":3}},"13":{"start":{"line":42,"column":16},"end":{"line":42,"column":26}},"14":{"start":{"line":43,"column":4},"end":{"line":47,"column":5}},"15":{"start":{"line":44,"column":23},"end":{"line":44,"column":64}},"16":{"start":{"line":45,"column":6},"end":{"line":45,"column":93}},"17":{"start":{"line":46,"column":6},"end":{"line":46,"column":23}},"18":{"start":{"line":49,"column":19},"end":{"line":49,"column":36}},"19":{"start":{"line":51,"column":4},"end":{"line":51,"column":61}},"20":{"start":{"line":54,"column":22},"end":{"line":54,"column":32}},"21":{"start":{"line":57,"column":27},"end":{"line":59,"column":5}},"22":{"start":{"line":58,"column":6},"end":{"line":58,"column":74}},"23":{"start":{"line":58,"column":23},"end":{"line":58,"column":66}},"24":{"start":{"line":61,"column":23},"end":{"line":83,"column":6}},"25":{"start":{"line":85,"column":21},"end":{"line":85,"column":69}},"26":{"start":{"line":88,"column":20},"end":{"line":88,"column":30}},"27":{"start":{"line":89,"column":21},"end":{"line":89,"column":40}},"28":{"start":{"line":92,"column":4},"end":{"line":94,"column":5}},"29":{"start":{"line":93,"column":6},"end":{"line":93,"column":65}},"30":{"start":{"line":96,"column":20},"end":{"line":96,"column":55}},"31":{"start":{"line":99,"column":4},"end":{"line":102,"column":5}},"32":{"start":{"line":100,"column":6},"end":{"line":100,"column":70}},"33":{"start":{"line":101,"column":6},"end":{"line":101,"column":76}},"34":{"start":{"line":105,"column":4},"end":{"line":107,"column":5}},"35":{"start":{"line":106,"column":6},"end":{"line":106,"column":74}},"36":{"start":{"line":110,"column":22},"end":{"line":110,"column":109}},"37":{"start":{"line":112,"column":4},"end":{"line":135,"column":5}},"38":{"start":{"line":113,"column":6},"end":{"line":134,"column":7}},"39":{"start":{"line":115,"column":25},"end":{"line":118,"column":38}},"40":{"start":{"line":120,"column":26},"end":{"line":120,"column":48}},"41":{"start":{"line":123,"column":8},"end":{"line":123,"column":30}},"42":{"start":{"line":124,"column":8},"end":{"line":124,"column":36}},"43":{"start":{"line":125,"column":8},"end":{"line":125,"column":91}},"44":{"start":{"line":127,"column":8},"end":{"line":127,"column":25}},"45":{"start":{"line":129,"column":8},"end":{"line":129,"column":67}},"46":{"start":{"line":130,"column":8},"end":{"line":130,"column":65}},"47":{"start":{"line":131,"column":8},"end":{"line":131,"column":88}},"48":{"start":{"line":132,"column":8},"end":{"line":132,"column":112}},"49":{"start":{"line":133,"column":8},"end":{"line":133,"column":89}},"50":{"start":{"line":137,"column":4},"end":{"line":137,"column":65}},"51":{"start":{"line":139,"column":4},"end":{"line":139,"column":68}},"52":{"start":{"line":140,"column":4},"end":{"line":140,"column":64}},"53":{"start":{"line":140,"column":22},"end":{"line":140,"column":64}},"54":{"start":{"line":141,"column":4},"end":{"line":141,"column":58}},"55":{"start":{"line":141,"column":20},"end":{"line":141,"column":58}},"56":{"start":{"line":144,"column":4},"end":{"line":147,"column":5}},"57":{"start":{"line":145,"column":6},"end":{"line":145,"column":72}},"58":{"start":{"line":146,"column":6},"end":{"line":146,"column":23}},"59":{"start":{"line":150,"column":4},"end":{"line":150,"column":50}},"60":{"start":{"line":151,"column":4},"end":{"line":240,"column":6}},"61":{"start":{"line":249,"column":2},"end":{"line":249,"column":19}},"62":{"start":{"line":250,"column":2},"end":{"line":250,"column":24}},"63":{"start":{"line":251,"column":2},"end":{"line":251,"column":41}},"64":{"start":{"line":259,"column":2},"end":{"line":261,"column":3}},"65":{"start":{"line":260,"column":4},"end":{"line":260,"column":29}},"66":{"start":{"line":263,"column":14},"end":{"line":263,"column":24}},"67":{"start":{"line":264,"column":14},"end":{"line":264,"column":55}},"68":{"start":{"line":265,"column":14},"end":{"line":265,"column":45}},"69":{"start":{"line":266,"column":18},"end":{"line":266,"column":56}},"70":{"start":{"line":268,"column":2},"end":{"line":273,"column":4}}},"fnMap":{"0":{"name":"getOpenAIClient","decl":{"start":{"line":20,"column":9},"end":{"line":20,"column":24}},"loc":{"start":{"line":20,"column":27},"end":{"line":32,"column":1}},"line":20},"1":{"name":"getMenuFromLLM","decl":{"start":{"line":39,"column":22},"end":{"line":39,"column":36}},"loc":{"start":{"line":39,"column":39},"end":{"line":242,"column":1}},"line":39},"2":{"name":"(anonymous_2)","decl":{"start":{"line":57,"column":39},"end":{"line":57,"column":40}},"loc":{"start":{"line":58,"column":6},"end":{"line":58,"column":74}},"line":58},"3":{"name":"(anonymous_3)","decl":{"start":{"line":58,"column":17},"end":{"line":58,"column":18}},"loc":{"start":{"line":58,"column":23},"end":{"line":58,"column":66}},"line":58},"4":{"name":"clearMenuCache","decl":{"start":{"line":248,"column":16},"end":{"line":248,"column":30}},"loc":{"start":{"line":248,"column":33},"end":{"line":252,"column":1}},"line":248},"5":{"name":"getCacheStatus","decl":{"start":{"line":258,"column":16},"end":{"line":258,"column":30}},"loc":{"start":{"line":258,"column":33},"end":{"line":274,"column":1}},"line":258}},"branchMap":{"0":{"loc":{"start":{"line":18,"column":30},"end":{"line":18,"column":72}},"type":"binary-expr","locations":[{"start":{"line":18,"column":30},"end":{"line":18,"column":64}},{"start":{"line":18,"column":68},"end":{"line":18,"column":72}}],"line":18},"1":{"loc":{"start":{"line":21,"column":2},"end":{"line":23,"column":3}},"type":"if","locations":[{"start":{"line":21,"column":2},"end":{"line":23,"column":3}},{"start":{},"end":{}}],"line":21},"2":{"loc":{"start":{"line":21,"column":6},"end":{"line":21,"column":94}},"type":"binary-expr","locations":[{"start":{"line":21,"column":6},"end":{"line":21,"column":33}},{"start":{"line":21,"column":37},"end":{"line":21,"column":94}}],"line":21},"3":{"loc":{"start":{"line":25,"column":2},"end":{"line":29,"column":3}},"type":"if","locations":[{"start":{"line":25,"column":2},"end":{"line":29,"column":3}},{"start":{},"end":{}}],"line":25},"4":{"loc":{"start":{"line":43,"column":4},"end":{"line":47,"column":5}},"type":"if","locations":[{"start":{"line":43,"column":4},"end":{"line":47,"column":5}},{"start":{},"end":{}}],"line":43},"5":{"loc":{"start":{"line":43,"column":8},"end":{"line":43,"column":76}},"type":"binary-expr","locations":[{"start":{"line":43,"column":8},"end":{"line":43,"column":17}},{"start":{"line":43,"column":21},"end":{"line":43,"column":35}},{"start":{"line":43,"column":39},"end":{"line":43,"column":76}}],"line":43},"6":{"loc":{"start":{"line":92,"column":4},"end":{"line":94,"column":5}},"type":"if","locations":[{"start":{"line":92,"column":4},"end":{"line":94,"column":5}},{"start":{},"end":{}}],"line":92},"7":{"loc":{"start":{"line":99,"column":4},"end":{"line":102,"column":5}},"type":"if","locations":[{"start":{"line":99,"column":4},"end":{"line":102,"column":5}},{"start":{},"end":{}}],"line":99},"8":{"loc":{"start":{"line":105,"column":4},"end":{"line":107,"column":5}},"type":"if","locations":[{"start":{"line":105,"column":4},"end":{"line":107,"column":5}},{"start":{},"end":{}}],"line":105},"9":{"loc":{"start":{"line":110,"column":22},"end":{"line":110,"column":109}},"type":"binary-expr","locations":[{"start":{"line":110,"column":22},"end":{"line":110,"column":74}},{"start":{"line":110,"column":78},"end":{"line":110,"column":109}}],"line":110},"10":{"loc":{"start":{"line":112,"column":4},"end":{"line":135,"column":5}},"type":"if","locations":[{"start":{"line":112,"column":4},"end":{"line":135,"column":5}},{"start":{},"end":{}}],"line":112},"11":{"loc":{"start":{"line":140,"column":4},"end":{"line":140,"column":64}},"type":"if","locations":[{"start":{"line":140,"column":4},"end":{"line":140,"column":64}},{"start":{},"end":{}}],"line":140},"12":{"loc":{"start":{"line":141,"column":4},"end":{"line":141,"column":58}},"type":"if","locations":[{"start":{"line":141,"column":4},"end":{"line":141,"column":58}},{"start":{},"end":{}}],"line":141},"13":{"loc":{"start":{"line":144,"column":4},"end":{"line":147,"column":5}},"type":"if","locations":[{"start":{"line":144,"column":4},"end":{"line":147,"column":5}},{"start":{},"end":{}}],"line":144},"14":{"loc":{"start":{"line":259,"column":2},"end":{"line":261,"column":3}},"type":"if","locations":[{"start":{"line":259,"column":2},"end":{"line":261,"column":3}},{"start":{},"end":{}}],"line":259},"15":{"loc":{"start":{"line":259,"column":6},"end":{"line":259,"column":35}},"type":"binary-expr","locations":[{"start":{"line":259,"column":6},"end":{"line":259,"column":16}},{"start":{"line":259,"column":20},"end":{"line":259,"column":35}}],"line":259}},"s":{"0":0,"1":0,"2":0,"3":0,"4":0,"5":0,"6":0,"7":0,"8":0,"9":0,"10":0,"11":0,"12":0,"13":0,"14":0,"15":0,"16":0,"17":0,"18":0,"19":0,"20":0,"21":0,"22":0,"23":0,"24":0,"25":0,"26":0,"27":0,"28":0,"29":0,"30":0,"31":0,"32":0,"33":0,"34":0,"35":0,"36":0,"37":0,"38":0,"39":0,"40":0,"41":0,"42":0,"43":0,"44":0,"45":0,"46":0,"47":0,"48":0,"49":0,"50":0,"51":0,"52":0,"53":0,"54":0,"55":0,"56":0,"57":0,"58":0,"59":0,"60":0,"61":0,"62":0,"63":0,"64":0,"65":0,"66":0,"67":0,"68":0,"69":0,"70":0},"f":{"0":0,"1":0,"2":0,"3":0,"4":0,"5":0},"b":{"0":[0,0],"1":[0,0],"2":[0,0],"3":[0,0],"4":[0,0],"5":[0,0,0],"6":[0,0],"7":[0,0],"8":[0,0],"9":[0,0],"10":[0,0],"11":[0,0],"12":[0,0],"13":[0,0],"14":[0,0],"15":[0,0]},"inputSourceMap":null}
,"/Users/sbecker11/workspace-sushi/sushi-rag-app/backend/services/ragService.js": {"path":"/Users/sbecker11/workspace-sushi/sushi-rag-app/backend/services/ragService.js","statementMap":{"0":{"start":{"line":7,"column":19},"end":{"line":7,"column":49}},"1":{"start":{"line":8,"column":18},"end":{"line":8,"column":37}},"2":{"start":{"line":11,"column":0},"end":{"line":11,"column":61}},"3":{"start":{"line":15,"column":4},"end":{"line":15,"column":23}},"4":{"start":{"line":16,"column":4},"end":{"line":16,"column":29}},"5":{"start":{"line":20,"column":4},"end":{"line":22,"column":5}},"6":{"start":{"line":21,"column":6},"end":{"line":21,"column":13}},"7":{"start":{"line":24,"column":4},"end":{"line":40,"column":5}},"8":{"start":{"line":26,"column":6},"end":{"line":29,"column":7}},"9":{"start":{"line":27,"column":8},"end":{"line":27,"column":72}},"10":{"start":{"line":28,"column":8},"end":{"line":28,"column":15}},"11":{"start":{"line":31,"column":6},"end":{"line":33,"column":9}},"12":{"start":{"line":35,"column":6},"end":{"line":35,"column":30}},"13":{"start":{"line":36,"column":6},"end":{"line":36,"column":47}},"14":{"start":{"line":38,"column":6},"end":{"line":38,"column":75}},"15":{"start":{"line":39,"column":6},"end":{"line":39,"column":31}},"16":{"start":{"line":44,"column":4},"end":{"line":49,"column":5}},"17":{"start":{"line":45,"column":6},"end":{"line":48,"column":8}},"18":{"start":{"line":51,"column":4},"end":{"line":56,"column":5}},"19":{"start":{"line":52,"column":6},"end":{"line":55,"column":8}},"20":{"start":{"line":58,"column":4},"end":{"line":133,"column":5}},"21":{"start":{"line":59,"column":24},"end":{"line":59,"column":34}},"22":{"start":{"line":60,"column":6},"end":{"line":60,"column":52}},"23":{"start":{"line":63,"column":29},"end":{"line":63,"column":39}},"24":{"start":{"line":64,"column":28},"end":{"line":64,"column":73}},"25":{"start":{"line":66,"column":6},"end":{"line":68,"column":7}},"26":{"start":{"line":67,"column":8},"end":{"line":67,"column":83}},"27":{"start":{"line":70,"column":6},"end":{"line":75,"column":7}},"28":{"start":{"line":71,"column":8},"end":{"line":74,"column":10}},"29":{"start":{"line":78,"column":22},"end":{"line":85,"column":21}},"30":{"start":{"line":79,"column":8},"end":{"line":84,"column":42}},"31":{"start":{"line":88,"column":27},"end":{"line":93,"column":11}},"32":{"start":{"line":95,"column":25},"end":{"line":95,"column":33}},"33":{"start":{"line":98,"column":30},"end":{"line":98,"column":40}},"34":{"start":{"line":99,"column":23},"end":{"line":107,"column":8}},"35":{"start":{"line":109,"column":6},"end":{"line":112,"column":7}},"36":{"start":{"line":110,"column":8},"end":{"line":110,"column":81}},"37":{"start":{"line":111,"column":8},"end":{"line":111,"column":71}},"38":{"start":{"line":114,"column":21},"end":{"line":114,"column":56}},"39":{"start":{"line":116,"column":6},"end":{"line":116,"column":78}},"40":{"start":{"line":118,"column":6},"end":{"line":126,"column":8}},"41":{"start":{"line":120,"column":44},"end":{"line":125,"column":9}},"42":{"start":{"line":128,"column":6},"end":{"line":128,"column":51}},"43":{"start":{"line":129,"column":6},"end":{"line":132,"column":8}},"44":{"start":{"line":137,"column":4},"end":{"line":137,"column":28}},"45":{"start":{"line":142,"column":19},"end":{"line":142,"column":35}}},"fnMap":{"0":{"name":"(anonymous_0)","decl":{"start":{"line":14,"column":2},"end":{"line":14,"column":3}},"loc":{"start":{"line":14,"column":16},"end":{"line":17,"column":3}},"line":14},"1":{"name":"(anonymous_1)","decl":{"start":{"line":19,"column":2},"end":{"line":19,"column":3}},"loc":{"start":{"line":19,"column":21},"end":{"line":41,"column":3}},"line":19},"2":{"name":"(anonymous_2)","decl":{"start":{"line":43,"column":2},"end":{"line":43,"column":3}},"loc":{"start":{"line":43,"column":22},"end":{"line":134,"column":3}},"line":43},"3":{"name":"(anonymous_3)","decl":{"start":{"line":78,"column":40},"end":{"line":78,"column":41}},"loc":{"start":{"line":78,"column":57},"end":{"line":85,"column":7}},"line":78},"4":{"name":"(anonymous_4)","decl":{"start":{"line":120,"column":35},"end":{"line":120,"column":36}},"loc":{"start":{"line":120,"column":44},"end":{"line":125,"column":9}},"line":120},"5":{"name":"(anonymous_5)","decl":{"start":{"line":136,"column":2},"end":{"line":136,"column":3}},"loc":{"start":{"line":136,"column":18},"end":{"line":138,"column":3}},"line":136}},"branchMap":{"0":{"loc":{"start":{"line":20,"column":4},"end":{"line":22,"column":5}},"type":"if","locations":[{"start":{"line":20,"column":4},"end":{"line":22,"column":5}},{"start":{},"end":{}}],"line":20},"1":{"loc":{"start":{"line":26,"column":6},"end":{"line":29,"column":7}},"type":"if","locations":[{"start":{"line":26,"column":6},"end":{"line":29,"column":7}},{"start":{},"end":{}}],"line":26},"2":{"loc":{"start":{"line":26,"column":10},"end":{"line":26,"column":98}},"type":"binary-expr","locations":[{"start":{"line":26,"column":10},"end":{"line":26,"column":37}},{"start":{"line":26,"column":41},"end":{"line":26,"column":98}}],"line":26},"3":{"loc":{"start":{"line":44,"column":4},"end":{"line":49,"column":5}},"type":"if","locations":[{"start":{"line":44,"column":4},"end":{"line":49,"column":5}},{"start":{},"end":{}}],"line":44},"4":{"loc":{"start":{"line":44,"column":8},"end":{"line":44,"column":41}},"type":"binary-expr","locations":[{"start":{"line":44,"column":8},"end":{"line":44,"column":25}},{"start":{"line":44,"column":29},"end":{"line":44,"column":41}}],"line":44},"5":{"loc":{"start":{"line":51,"column":4},"end":{"line":56,"column":5}},"type":"if","locations":[{"start":{"line":51,"column":4},"end":{"line":56,"column":5}},{"start":{},"end":{}}],"line":51},"6":{"loc":{"start":{"line":66,"column":6},"end":{"line":68,"column":7}},"type":"if","locations":[{"start":{"line":66,"column":6},"end":{"line":68,"column":7}},{"start":{},"end":{}}],"line":66},"7":{"loc":{"start":{"line":70,"column":6},"end":{"line":75,"column":7}},"type":"if","locations":[{"start":{"line":70,"column":6},"end":{"line":75,"column":7}},{"start":{},"end":{}}],"line":70},"8":{"loc":{"start":{"line":80,"column":34},"end":{"line":81,"column":38}},"type":"cond-expr","locations":[{"start":{"line":80,"column":53},"end":{"line":81,"column":33}},{"start":{"line":81,"column":36},"end":{"line":81,"column":38}}],"line":80},"9":{"loc":{"start":{"line":81,"column":41},"end":{"line":82,"column":32}},"type":"cond-expr","locations":[{"start":{"line":81,"column":57},"end":{"line":82,"column":27}},{"start":{"line":82,"column":30},"end":{"line":82,"column":32}}],"line":81},"10":{"loc":{"start":{"line":82,"column":35},"end":{"line":83,"column":41}},"type":"cond-expr","locations":[{"start":{"line":82,"column":77},"end":{"line":83,"column":36}},{"start":{"line":83,"column":39},"end":{"line":83,"column":41}}],"line":82},"11":{"loc":{"start":{"line":82,"column":35},"end":{"line":82,"column":74}},"type":"binary-expr","locations":[{"start":{"line":82,"column":35},"end":{"line":82,"column":47}},{"start":{"line":82,"column":51},"end":{"line":82,"column":74}}],"line":82},"12":{"loc":{"start":{"line":83,"column":44},"end":{"line":84,"column":39}},"type":"cond-expr","locations":[{"start":{"line":83,"column":62},"end":{"line":84,"column":34}},{"start":{"line":84,"column":37},"end":{"line":84,"column":39}}],"line":83},"13":{"loc":{"start":{"line":109,"column":6},"end":{"line":112,"column":7}},"type":"if","locations":[{"start":{"line":109,"column":6},"end":{"line":112,"column":7}},{"start":{},"end":{}}],"line":109}},"s":{"0":0,"1":0,"2":0,"3":0,"4":0,"5":0,"6":0,"7":0,"8":0,"9":0,"10":0,"11":0,"12":0,"13":0,"14":0,"15":0,"16":0,"17":0,"18":0,"19":0,"20":0,"21":0,"22":0,"23":0,"24":0,"25":0,"26":0,"27":0,"28":0,"29":0,"30":0,"31":0,"32":0,"33":0,"34":0,"35":0,"36":0,"37":0,"38":0,"39":0,"40":0,"41":0,"42":0,"43":0,"44":0,"45":0},"f":{"0":0,"1":0,"2":0,"3":0,"4":0,"5":0},"b":{"0":[0,0],"1":[0,0],"2":[0,0],"3":[0,0],"4":[0,0],"5":[0,0],"6":[0,0],"7":[0,0],"8":[0,0],"9":[0,0],"10":[0,0],"11":[0,0],"12":[0,0],"13":[0,0]},"inputSourceMap":null}
,"/Users/sbecker11/workspace-sushi/sushi-rag-app/backend/services/vectorStore.js": {"path":"/Users/sbecker11/workspace-sushi/sushi-rag-app/backend/services/vectorStore.js","statementMap":{"0":{"start":{"line":7,"column":19},"end":{"line":7,"column":49}},"1":{"start":{"line":8,"column":18},"end":{"line":8,"column":37}},"2":{"start":{"line":11,"column":0},"end":{"line":11,"column":61}},"3":{"start":{"line":15,"column":4},"end":{"line":15,"column":23}},"4":{"start":{"line":16,"column":4},"end":{"line":16,"column":23}},"5":{"start":{"line":17,"column":4},"end":{"line":17,"column":39}},"6":{"start":{"line":18,"column":4},"end":{"line":18,"column":27}},"7":{"start":{"line":19,"column":4},"end":{"line":19,"column":29}},"8":{"start":{"line":23,"column":4},"end":{"line":26,"column":5}},"9":{"start":{"line":24,"column":6},"end":{"line":24,"column":58}},"10":{"start":{"line":25,"column":6},"end":{"line":25,"column":13}},"11":{"start":{"line":28,"column":4},"end":{"line":70,"column":5}},"12":{"start":{"line":30,"column":6},"end":{"line":33,"column":7}},"13":{"start":{"line":31,"column":8},"end":{"line":31,"column":81}},"14":{"start":{"line":32,"column":8},"end":{"line":32,"column":15}},"15":{"start":{"line":36,"column":6},"end":{"line":38,"column":9}},"16":{"start":{"line":41,"column":25},"end":{"line":41,"column":63}},"17":{"start":{"line":42,"column":25},"end":{"line":42,"column":58}},"18":{"start":{"line":44,"column":6},"end":{"line":46,"column":9}},"19":{"start":{"line":49,"column":6},"end":{"line":49,"column":36}},"20":{"start":{"line":50,"column":6},"end":{"line":50,"column":45}},"21":{"start":{"line":53,"column":6},"end":{"line":63,"column":7}},"22":{"start":{"line":54,"column":8},"end":{"line":54,"column":89}},"23":{"start":{"line":55,"column":8},"end":{"line":55,"column":75}},"24":{"start":{"line":58,"column":8},"end":{"line":61,"column":11}},"25":{"start":{"line":62,"column":8},"end":{"line":62,"column":72}},"26":{"start":{"line":65,"column":6},"end":{"line":65,"column":30}},"27":{"start":{"line":67,"column":6},"end":{"line":67,"column":76}},"28":{"start":{"line":68,"column":6},"end":{"line":68,"column":74}},"29":{"start":{"line":69,"column":6},"end":{"line":69,"column":31}},"30":{"start":{"line":74,"column":4},"end":{"line":76,"column":5}},"31":{"start":{"line":75,"column":6},"end":{"line":75,"column":55}},"32":{"start":{"line":78,"column":22},"end":{"line":78,"column":32}},"33":{"start":{"line":80,"column":21},"end":{"line":83,"column":6}},"34":{"start":{"line":85,"column":4},"end":{"line":87,"column":5}},"35":{"start":{"line":86,"column":6},"end":{"line":86,"column":82}},"36":{"start":{"line":89,"column":4},"end":{"line":89,"column":38}},"37":{"start":{"line":93,"column":4},"end":{"line":96,"column":5}},"38":{"start":{"line":94,"column":6},"end":{"line":94,"column":79}},"39":{"start":{"line":95,"column":6},"end":{"line":95,"column":13}},"40":{"start":{"line":98,"column":4},"end":{"line":162,"column":5}},"41":{"start":{"line":99,"column":24},"end":{"line":99,"column":34}},"42":{"start":{"line":100,"column":6},"end":{"line":100,"column":67}},"43":{"start":{"line":102,"column":24},"end":{"line":102,"column":26}},"44":{"start":{"line":103,"column":25},"end":{"line":103,"column":27}},"45":{"start":{"line":104,"column":24},"end":{"line":104,"column":26}},"46":{"start":{"line":105,"column":18},"end":{"line":105,"column":20}},"47":{"start":{"line":107,"column":6},"end":{"line":130,"column":7}},"48":{"start":{"line":109,"column":21},"end":{"line":109,"column":322}},"49":{"start":{"line":111,"column":8},"end":{"line":111,"column":29}},"50":{"start":{"line":112,"column":8},"end":{"line":112,"column":36}},"51":{"start":{"line":115,"column":8},"end":{"line":125,"column":11}},"52":{"start":{"line":128,"column":26},"end":{"line":128,"column":60}},"53":{"start":{"line":129,"column":8},"end":{"line":129,"column":35}},"54":{"start":{"line":133,"column":6},"end":{"line":145,"column":7}},"55":{"start":{"line":134,"column":30},"end":{"line":134,"column":59}},"56":{"start":{"line":135,"column":8},"end":{"line":142,"column":9}},"57":{"start":{"line":136,"column":10},"end":{"line":136,"column":76}},"58":{"start":{"line":137,"column":10},"end":{"line":140,"column":13}},"59":{"start":{"line":141,"column":10},"end":{"line":141,"column":69}},"60":{"start":{"line":148,"column":6},"end":{"line":153,"column":9}},"61":{"start":{"line":155,"column":6},"end":{"line":157,"column":7}},"62":{"start":{"line":156,"column":8},"end":{"line":156,"column":70}},"63":{"start":{"line":158,"column":6},"end":{"line":158,"column":81}},"64":{"start":{"line":160,"column":6},"end":{"line":160,"column":61}},"65":{"start":{"line":161,"column":6},"end":{"line":161,"column":18}},"66":{"start":{"line":166,"column":4},"end":{"line":169,"column":5}},"67":{"start":{"line":167,"column":6},"end":{"line":167,"column":80}},"68":{"start":{"line":168,"column":6},"end":{"line":168,"column":16}},"69":{"start":{"line":171,"column":4},"end":{"line":214,"column":5}},"70":{"start":{"line":172,"column":24},"end":{"line":172,"column":34}},"71":{"start":{"line":175,"column":29},"end":{"line":175,"column":64}},"72":{"start":{"line":178,"column":22},"end":{"line":181,"column":8}},"73":{"start":{"line":183,"column":6},"end":{"line":185,"column":7}},"74":{"start":{"line":184,"column":8},"end":{"line":184,"column":72}},"75":{"start":{"line":188,"column":20},"end":{"line":188,"column":22}},"76":{"start":{"line":189,"column":6},"end":{"line":207,"column":7}},"77":{"start":{"line":190,"column":8},"end":{"line":206,"column":9}},"78":{"start":{"line":190,"column":21},"end":{"line":190,"column":22}},"79":{"start":{"line":191,"column":27},"end":{"line":191,"column":50}},"80":{"start":{"line":192,"column":27},"end":{"line":192,"column":50}},"81":{"start":{"line":194,"column":10},"end":{"line":205,"column":13}},"82":{"start":{"line":202,"column":80},"end":{"line":202,"column":81}},"83":{"start":{"line":209,"column":6},"end":{"line":209,"column":70}},"84":{"start":{"line":210,"column":6},"end":{"line":210,"column":19}},"85":{"start":{"line":212,"column":6},"end":{"line":212,"column":66}},"86":{"start":{"line":213,"column":6},"end":{"line":213,"column":16}},"87":{"start":{"line":218,"column":4},"end":{"line":218,"column":28}},"88":{"start":{"line":223,"column":20},"end":{"line":223,"column":44}}},"fnMap":{"0":{"name":"(anonymous_0)","decl":{"start":{"line":14,"column":2},"end":{"line":14,"column":3}},"loc":{"start":{"line":14,"column":16},"end":{"line":20,"column":3}},"line":14},"1":{"name":"(anonymous_1)","decl":{"start":{"line":22,"column":2},"end":{"line":22,"column":3}},"loc":{"start":{"line":22,"column":21},"end":{"line":71,"column":3}},"line":22},"2":{"name":"(anonymous_2)","decl":{"start":{"line":73,"column":2},"end":{"line":73,"column":3}},"loc":{"start":{"line":73,"column":32},"end":{"line":90,"column":3}},"line":73},"3":{"name":"(anonymous_3)","decl":{"start":{"line":92,"column":2},"end":{"line":92,"column":3}},"loc":{"start":{"line":92,"column":29},"end":{"line":163,"column":3}},"line":92},"4":{"name":"(anonymous_4)","decl":{"start":{"line":165,"column":2},"end":{"line":165,"column":3}},"loc":{"start":{"line":165,"column":46},"end":{"line":215,"column":3}},"line":165},"5":{"name":"(anonymous_5)","decl":{"start":{"line":202,"column":75},"end":{"line":202,"column":76}},"loc":{"start":{"line":202,"column":80},"end":{"line":202,"column":81}},"line":202},"6":{"name":"(anonymous_6)","decl":{"start":{"line":217,"column":2},"end":{"line":217,"column":3}},"loc":{"start":{"line":217,"column":18},"end":{"line":219,"column":3}},"line":217}},"branchMap":{"0":{"loc":{"start":{"line":23,"column":4},"end":{"line":26,"column":5}},"type":"if","locations":[{"start":{"line":23,"column":4},"end":{"line":26,"column":5}},{"start":{},"end":{}}],"line":23},"1":{"loc":{"start":{"line":30,"column":6},"end":{"line":33,"column":7}},"type":"if","locations":[{"start":{"line":30,"column":6},"end":{"line":33,"column":7}},{"start":{},"end":{}}],"line":30},"2":{"loc":{"start":{"line":30,"column":10},"end":{"line":30,"column":98}},"type":"binary-expr","locations":[{"start":{"line":30,"column":10},"end":{"line":30,"column":37}},{"start":{"line":30,"column":41},"end":{"line":30,"column":98}}],"line":30},"3":{"loc":{"start":{"line":41,"column":25},"end":{"line":41,"column":63}},"type":"binary-expr","locations":[{"start":{"line":41,"column":25},"end":{"line":41,"column":48}},{"start":{"line":41,"column":52},"end":{"line":41,"column":63}}],"line":41},"4":{"loc":{"start":{"line":42,"column":25},"end":{"line":42,"column":58}},"type":"binary-expr","locations":[{"start":{"line":42,"column":25},"end":{"line":42,"column":48}},{"start":{"line":42,"column":52},"end":{"line":42,"column":58}}],"line":42},"5":{"loc":{"start":{"line":74,"column":4},"end":{"line":76,"column":5}},"type":"if","locations":[{"start":{"line":74,"column":4},"end":{"line":76,"column":5}},{"start":{},"end":{}}],"line":74},"6":{"loc":{"start":{"line":85,"column":4},"end":{"line":87,"column":5}},"type":"if","locations":[{"start":{"line":85,"column":4},"end":{"line":87,"column":5}},{"start":{},"end":{}}],"line":85},"7":{"loc":{"start":{"line":93,"column":4},"end":{"line":96,"column":5}},"type":"if","locations":[{"start":{"line":93,"column":4},"end":{"line":96,"column":5}},{"start":{},"end":{}}],"line":93},"8":{"loc":{"start":{"line":93,"column":8},"end":{"line":93,"column":45}},"type":"binary-expr","locations":[{"start":{"line":93,"column":8},"end":{"line":93,"column":25}},{"start":{"line":93,"column":29},"end":{"line":93,"column":45}}],"line":93},"9":{"loc":{"start":{"line":109,"column":81},"end":{"line":109,"column":141}},"type":"cond-expr","locations":[{"start":{"line":109,"column":100},"end":{"line":109,"column":136}},{"start":{"line":109,"column":139},"end":{"line":109,"column":141}}],"line":109},"10":{"loc":{"start":{"line":109,"column":144},"end":{"line":109,"column":195}},"type":"cond-expr","locations":[{"start":{"line":109,"column":160},"end":{"line":109,"column":190}},{"start":{"line":109,"column":193},"end":{"line":109,"column":195}}],"line":109},"11":{"loc":{"start":{"line":109,"column":198},"end":{"line":109,"column":257}},"type":"cond-expr","locations":[{"start":{"line":109,"column":213},"end":{"line":109,"column":252}},{"start":{"line":109,"column":255},"end":{"line":109,"column":257}}],"line":109},"12":{"loc":{"start":{"line":109,"column":260},"end":{"line":109,"column":320}},"type":"cond-expr","locations":[{"start":{"line":109,"column":278},"end":{"line":109,"column":315}},{"start":{"line":109,"column":318},"end":{"line":109,"column":320}}],"line":109},"13":{"loc":{"start":{"line":120,"column":17},"end":{"line":120,"column":33}},"type":"binary-expr","locations":[{"start":{"line":120,"column":17},"end":{"line":120,"column":27}},{"start":{"line":120,"column":31},"end":{"line":120,"column":33}}],"line":120},"14":{"loc":{"start":{"line":121,"column":23},"end":{"line":121,"column":45}},"type":"binary-expr","locations":[{"start":{"line":121,"column":23},"end":{"line":121,"column":39}},{"start":{"line":121,"column":43},"end":{"line":121,"column":45}}],"line":121},"15":{"loc":{"start":{"line":122,"column":20},"end":{"line":122,"column":39}},"type":"binary-expr","locations":[{"start":{"line":122,"column":20},"end":{"line":122,"column":33}},{"start":{"line":122,"column":37},"end":{"line":122,"column":39}}],"line":122},"16":{"loc":{"start":{"line":123,"column":19},"end":{"line":123,"column":61}},"type":"cond-expr","locations":[{"start":{"line":123,"column":34},"end":{"line":123,"column":56}},{"start":{"line":123,"column":59},"end":{"line":123,"column":61}}],"line":123},"17":{"loc":{"start":{"line":124,"column":22},"end":{"line":124,"column":42}},"type":"binary-expr","locations":[{"start":{"line":124,"column":22},"end":{"line":124,"column":37}},{"start":{"line":124,"column":41},"end":{"line":124,"column":42}}],"line":124},"18":{"loc":{"start":{"line":135,"column":8},"end":{"line":142,"column":9}},"type":"if","locations":[{"start":{"line":135,"column":8},"end":{"line":142,"column":9}},{"start":{},"end":{}}],"line":135},"19":{"loc":{"start":{"line":155,"column":6},"end":{"line":157,"column":7}},"type":"if","locations":[{"start":{"line":155,"column":6},"end":{"line":157,"column":7}},{"start":{},"end":{}}],"line":155},"20":{"loc":{"start":{"line":165,"column":30},"end":{"line":165,"column":44}},"type":"default-arg","locations":[{"start":{"line":165,"column":43},"end":{"line":165,"column":44}}],"line":165},"21":{"loc":{"start":{"line":166,"column":4},"end":{"line":169,"column":5}},"type":"if","locations":[{"start":{"line":166,"column":4},"end":{"line":169,"column":5}},{"start":{},"end":{}}],"line":166},"22":{"loc":{"start":{"line":166,"column":8},"end":{"line":166,"column":45}},"type":"binary-expr","locations":[{"start":{"line":166,"column":8},"end":{"line":166,"column":25}},{"start":{"line":166,"column":29},"end":{"line":166,"column":45}}],"line":166},"23":{"loc":{"start":{"line":183,"column":6},"end":{"line":185,"column":7}},"type":"if","locations":[{"start":{"line":183,"column":6},"end":{"line":185,"column":7}},{"start":{},"end":{}}],"line":183},"24":{"loc":{"start":{"line":189,"column":6},"end":{"line":207,"column":7}},"type":"if","locations":[{"start":{"line":189,"column":6},"end":{"line":207,"column":7}},{"start":{},"end":{}}],"line":189},"25":{"loc":{"start":{"line":189,"column":10},"end":{"line":189,"column":51}},"type":"binary-expr","locations":[{"start":{"line":189,"column":10},"end":{"line":189,"column":27}},{"start":{"line":189,"column":31},"end":{"line":189,"column":51}}],"line":189},"26":{"loc":{"start":{"line":202,"column":21},"end":{"line":202,"column":87}},"type":"cond-expr","locations":[{"start":{"line":202,"column":40},"end":{"line":202,"column":82}},{"start":{"line":202,"column":85},"end":{"line":202,"column":87}}],"line":202}},"s":{"0":0,"1":0,"2":0,"3":0,"4":0,"5":0,"6":0,"7":0,"8":0,"9":0,"10":0,"11":0,"12":0,"13":0,"14":0,"15":0,"16":0,"17":0,"18":0,"19":0,"20":0,"21":0,"22":0,"23":0,"24":0,"25":0,"26":0,"27":0,"28":0,"29":0,"30":0,"31":0,"32":0,"33":0,"34":0,"35":0,"36":0,"37":0,"38":0,"39":0,"40":0,"41":0,"42":0,"43":0,"44":0,"45":0,"46":0,"47":0,"48":0,"49":0,"50":0,"51":0,"52":0,"53":0,"54":0,"55":0,"56":0,"57":0,"58":0,"59":0,"60":0,"61":0,"62":0,"63":0,"64":0,"65":0,"66":0,"67":0,"68":0,"69":0,"70":0,"71":0,"72":0,"73":0,"74":0,"75":0,"76":0,"77":0,"78":0,"79":0,"80":0,"81":0,"82":0,"83":0,"84":0,"85":0,"86":0,"87":0,"88":0},"f":{"0":0,"1":0,"2":0,"3":0,"4":0,"5":0,"6":0},"b":{"0":[0,0],"1":[0,0],"2":[0,0],"3":[0,0],"4":[0,0],"5":[0,0],"6":[0,0],"7":[0,0],"8":[0,0],"9":[0,0],"10":[0,0],"11":[0,0],"12":[0,0],"13":[0,0],"14":[0,0],"15":[0,0],"16":[0,0],"17":[0,0],"18":[0,0],"19":[0,0],"20":[0],"21":[0,0],"22":[0,0],"23":[0,0],"24":[0,0],"25":[0,0],"26":[0,0]},"inputSourceMap":null}
}
