TN:
SF:routes/assistant.js
FN:13,(anonymous_0)
FN:41,(anonymous_1)
FN:69,(anonymous_2)
FN:96,(anonymous_3)
FNF:4
FNH:0
FNDA:0,(anonymous_0)
FNDA:0,(anonymous_1)
FNDA:0,(anonymous_2)
FNDA:0,(anonymous_3)
DA:6,0
DA:13,0
DA:14,0
DA:15,0
DA:17,0
DA:18,0
DA:21,0
DA:22,0
DA:28,0
DA:29,0
DA:31,0
DA:32,0
DA:41,0
DA:42,0
DA:43,0
DA:45,0
DA:46,0
DA:49,0
DA:50,0
DA:56,0
DA:57,0
DA:59,0
DA:60,0
DA:69,0
DA:70,0
DA:71,0
DA:73,0
DA:74,0
DA:77,0
DA:78,0
DA:84,0
DA:85,0
DA:87,0
DA:88,0
DA:96,0
DA:97,0
LF:36
LH:0
BRDA:17,0,0,0
BRDA:17,0,1,0
BRDA:21,1,0,0
BRDA:21,1,1,0
BRDA:43,2,0,0
BRDA:45,3,0,0
BRDA:45,3,1,0
BRDA:49,4,0,0
BRDA:49,4,1,0
BRDA:71,5,0,0
BRDA:73,6,0,0
BRDA:73,6,1,0
BRDA:77,7,0,0
BRDA:77,7,1,0
BRF:14
BRH:0
end_of_record
TN:
SF:routes/menu.js
FN:11,(anonymous_0)
FNF:1
FNH:0
FNDA:0,(anonymous_0)
DA:4,0
DA:11,0
DA:12,0
DA:13,0
DA:14,0
DA:16,0
DA:19,0
DA:20,0
DA:25,0
LF:9
LH:0
BRDA:19,0,0,0
BRDA:19,0,1,0
BRF:2
BRH:0
end_of_record
TN:
SF:routes/orders.js
FN:7,(anonymous_0)
FN:17,(anonymous_1)
FN:29,(anonymous_2)
FN:53,(anonymous_3)
FN:93,(anonymous_4)
FN:228,(anonymous_5)
FN:239,(anonymous_6)
FNF:7
FNH:4
FNDA:27,(anonymous_0)
FNDA:0,(anonymous_1)
FNDA:0,(anonymous_2)
FNDA:0,(anonymous_3)
FNDA:29,(anonymous_4)
FNDA:7,(anonymous_5)
FNDA:7,(anonymous_6)
DA:4,1
DA:7,1
DA:8,27
DA:9,0
DA:17,1
DA:18,0
DA:20,0
DA:21,0
DA:24,0
DA:27,0
DA:28,0
DA:30,0
DA:34,0
DA:40,0
DA:42,0
DA:44,0
DA:45,0
DA:53,1
DA:54,0
DA:55,0
DA:58,0
DA:59,0
DA:63,0
DA:65,0
DA:66,0
DA:70,0
DA:71,0
DA:75,0
DA:77,0
DA:82,0
DA:84,0
DA:85,0
DA:93,1
DA:94,29
DA:96,29
DA:97,29
DA:100,29
DA:101,1
DA:108,28
DA:109,1
DA:116,27
DA:117,1
DA:125,26
DA:126,26
DA:127,2
DA:134,24
DA:135,1
DA:143,23
DA:144,23
DA:145,2
DA:152,21
DA:153,2
DA:161,19
DA:162,22
DA:164,22
DA:165,1
DA:172,21
DA:173,2
DA:180,19
DA:181,2
DA:188,17
DA:189,1
DA:198,13
DA:199,2
DA:207,11
DA:210,11
DA:211,11
DA:212,11
DA:215,11
DA:216,11
DA:222,4
DA:224,4
DA:227,4
DA:228,4
DA:229,7
DA:230,7
DA:238,4
DA:239,7
DA:240,4
DA:243,4
DA:244,4
DA:245,4
DA:247,4
DA:249,4
DA:255,7
DA:256,7
DA:258,0
DA:261,7
DA:264,7
DA:266,6
DA:268,1
DA:275,1
DA:282,1
DA:289,0
DA:296,1
DA:303,1
DA:309,1
DA:314,2
DA:315,0
DA:322,2
DA:323,1
DA:330,1
DA:336,29
LF:103
LH:73
BRDA:8,0,0,0
BRDA:8,0,1,27
BRDA:65,1,0,0
BRDA:65,1,1,0
BRDA:100,2,0,1
BRDA:100,2,1,28
BRDA:100,3,0,29
BRDA:100,3,1,28
BRDA:108,4,0,1
BRDA:108,4,1,27
BRDA:108,5,0,28
BRDA:108,5,1,27
BRDA:116,6,0,1
BRDA:116,6,1,26
BRDA:116,7,0,27
BRDA:116,7,1,26
BRDA:126,8,0,2
BRDA:126,8,1,24
BRDA:134,9,0,1
BRDA:134,9,1,23
BRDA:134,10,0,24
BRDA:134,10,1,23
BRDA:144,11,0,2
BRDA:144,11,1,21
BRDA:144,12,0,23
BRDA:144,12,1,22
BRDA:152,13,0,2
BRDA:152,13,1,19
BRDA:152,14,0,21
BRDA:152,14,1,21
BRDA:152,14,2,20
BRDA:164,15,0,1
BRDA:164,15,1,21
BRDA:164,16,0,22
BRDA:164,16,1,21
BRDA:172,17,0,2
BRDA:172,17,1,19
BRDA:172,18,0,21
BRDA:172,18,1,21
BRDA:172,18,2,20
BRDA:180,19,0,2
BRDA:180,19,1,17
BRDA:180,20,0,19
BRDA:180,20,1,18
BRDA:188,21,0,1
BRDA:188,21,1,16
BRDA:188,22,0,17
BRDA:188,22,1,17
BRDA:198,23,0,2
BRDA:198,23,1,11
BRDA:198,24,0,13
BRDA:198,24,1,13
BRDA:198,24,2,13
BRDA:198,24,3,12
BRDA:264,25,0,6
BRDA:264,25,1,1
BRDA:266,26,0,1
BRDA:266,26,1,1
BRDA:266,26,2,1
BRDA:266,26,3,0
BRDA:266,26,4,1
BRDA:266,26,5,1
BRDA:266,26,6,1
BRDA:266,26,7,1
BRDA:314,27,0,0
BRDA:314,27,1,2
BRDA:314,28,0,2
BRDA:314,28,1,2
BRDA:322,29,0,1
BRDA:322,29,1,1
BRDA:322,30,0,2
BRDA:322,30,1,2
BRDA:322,30,2,1
BRDA:333,31,0,0
BRDA:333,31,1,1
BRF:75
BRH:69
end_of_record
TN:
SF:services/agentService-simple.js
FN:10,(anonymous_0)
FN:14,(anonymous_1)
FN:25,(anonymous_2)
FN:29,(anonymous_3)
FNF:4
FNH:0
FNDA:0,(anonymous_0)
FNDA:0,(anonymous_1)
FNDA:0,(anonymous_2)
FNDA:0,(anonymous_3)
DA:5,0
DA:6,0
DA:7,0
DA:11,0
DA:15,0
DA:16,0
DA:17,0
DA:21,0
DA:22,0
DA:26,0
DA:30,0
DA:34,0
LF:12
LH:0
BRDA:15,0,0,0
BRDA:15,0,1,0
BRDA:29,1,0,0
BRF:3
BRH:0
end_of_record
TN:
SF:services/agentService.js
FN:10,(anonymous_0)
FN:14,(anonymous_1)
FN:25,(anonymous_2)
FN:29,(anonymous_3)
FNF:4
FNH:0
FNDA:0,(anonymous_0)
FNDA:0,(anonymous_1)
FNDA:0,(anonymous_2)
FNDA:0,(anonymous_3)
DA:5,0
DA:6,0
DA:7,0
DA:11,0
DA:15,0
DA:16,0
DA:17,0
DA:21,0
DA:22,0
DA:26,0
DA:30,0
DA:34,0
LF:12
LH:0
BRDA:15,0,0,0
BRDA:15,0,1,0
BRDA:29,1,0,0
BRF:3
BRH:0
end_of_record
TN:
SF:services/menuService.js
FN:20,getOpenAIClient
FN:39,getMenuFromLLM
FN:57,(anonymous_2)
FN:58,(anonymous_3)
FN:248,clearMenuCache
FN:258,getCacheStatus
FNF:6
FNH:0
FNDA:0,getOpenAIClient
FNDA:0,getMenuFromLLM
FNDA:0,(anonymous_2)
FNDA:0,(anonymous_3)
FNDA:0,clearMenuCache
FNDA:0,getCacheStatus
DA:6,0
DA:7,0
DA:10,0
DA:13,0
DA:16,0
DA:17,0
DA:18,0
DA:21,0
DA:22,0
DA:25,0
DA:26,0
DA:31,0
DA:40,0
DA:42,0
DA:43,0
DA:44,0
DA:45,0
DA:46,0
DA:49,0
DA:51,0
DA:54,0
DA:57,0
DA:58,0
DA:61,0
DA:85,0
DA:88,0
DA:89,0
DA:92,0
DA:93,0
DA:96,0
DA:99,0
DA:100,0
DA:101,0
DA:105,0
DA:106,0
DA:110,0
DA:112,0
DA:113,0
DA:115,0
DA:120,0
DA:123,0
DA:124,0
DA:125,0
DA:127,0
DA:129,0
DA:130,0
DA:131,0
DA:132,0
DA:133,0
DA:137,0
DA:139,0
DA:140,0
DA:141,0
DA:144,0
DA:145,0
DA:146,0
DA:150,0
DA:151,0
DA:249,0
DA:250,0
DA:251,0
DA:259,0
DA:260,0
DA:263,0
DA:264,0
DA:265,0
DA:266,0
DA:268,0
LF:68
LH:0
BRDA:18,0,0,0
BRDA:18,0,1,0
BRDA:21,1,0,0
BRDA:21,1,1,0
BRDA:21,2,0,0
BRDA:21,2,1,0
BRDA:25,3,0,0
BRDA:25,3,1,0
BRDA:43,4,0,0
BRDA:43,4,1,0
BRDA:43,5,0,0
BRDA:43,5,1,0
BRDA:43,5,2,0
BRDA:92,6,0,0
BRDA:92,6,1,0
BRDA:99,7,0,0
BRDA:99,7,1,0
BRDA:105,8,0,0
BRDA:105,8,1,0
BRDA:110,9,0,0
BRDA:110,9,1,0
BRDA:112,10,0,0
BRDA:112,10,1,0
BRDA:140,11,0,0
BRDA:140,11,1,0
BRDA:141,12,0,0
BRDA:141,12,1,0
BRDA:144,13,0,0
BRDA:144,13,1,0
BRDA:259,14,0,0
BRDA:259,14,1,0
BRDA:259,15,0,0
BRDA:259,15,1,0
BRF:33
BRH:0
end_of_record
TN:
SF:services/ragService.js
FN:14,(anonymous_0)
FN:19,(anonymous_1)
FN:43,(anonymous_2)
FN:78,(anonymous_3)
FN:120,(anonymous_4)
FN:136,(anonymous_5)
FNF:6
FNH:0
FNDA:0,(anonymous_0)
FNDA:0,(anonymous_1)
FNDA:0,(anonymous_2)
FNDA:0,(anonymous_3)
FNDA:0,(anonymous_4)
FNDA:0,(anonymous_5)
DA:7,0
DA:8,0
DA:11,0
DA:15,0
DA:16,0
DA:20,0
DA:21,0
DA:24,0
DA:26,0
DA:27,0
DA:28,0
DA:31,0
DA:35,0
DA:36,0
DA:38,0
DA:39,0
DA:44,0
DA:45,0
DA:51,0
DA:52,0
DA:58,0
DA:59,0
DA:60,0
DA:63,0
DA:64,0
DA:66,0
DA:67,0
DA:70,0
DA:71,0
DA:78,0
DA:79,0
DA:88,0
DA:95,0
DA:98,0
DA:99,0
DA:109,0
DA:110,0
DA:111,0
DA:114,0
DA:116,0
DA:118,0
DA:120,0
DA:128,0
DA:129,0
DA:137,0
DA:142,0
LF:46
LH:0
BRDA:20,0,0,0
BRDA:20,0,1,0
BRDA:26,1,0,0
BRDA:26,1,1,0
BRDA:26,2,0,0
BRDA:26,2,1,0
BRDA:44,3,0,0
BRDA:44,3,1,0
BRDA:44,4,0,0
BRDA:44,4,1,0
BRDA:51,5,0,0
BRDA:51,5,1,0
BRDA:66,6,0,0
BRDA:66,6,1,0
BRDA:70,7,0,0
BRDA:70,7,1,0
BRDA:80,8,0,0
BRDA:80,8,1,0
BRDA:81,9,0,0
BRDA:81,9,1,0
BRDA:82,10,0,0
BRDA:82,10,1,0
BRDA:82,11,0,0
BRDA:82,11,1,0
BRDA:83,12,0,0
BRDA:83,12,1,0
BRDA:109,13,0,0
BRDA:109,13,1,0
BRF:28
BRH:0
end_of_record
TN:
SF:services/vectorStore.js
FN:14,(anonymous_0)
FN:22,(anonymous_1)
FN:73,(anonymous_2)
FN:92,(anonymous_3)
FN:165,(anonymous_4)
FN:202,(anonymous_5)
FN:217,(anonymous_6)
FNF:7
FNH:0
FNDA:0,(anonymous_0)
FNDA:0,(anonymous_1)
FNDA:0,(anonymous_2)
FNDA:0,(anonymous_3)
FNDA:0,(anonymous_4)
FNDA:0,(anonymous_5)
FNDA:0,(anonymous_6)
DA:7,0
DA:8,0
DA:11,0
DA:15,0
DA:16,0
DA:17,0
DA:18,0
DA:19,0
DA:23,0
DA:24,0
DA:25,0
DA:28,0
DA:30,0
DA:31,0
DA:32,0
DA:36,0
DA:41,0
DA:42,0
DA:44,0
DA:49,0
DA:50,0
DA:53,0
DA:54,0
DA:55,0
DA:58,0
DA:62,0
DA:65,0
DA:67,0
DA:68,0
DA:69,0
DA:74,0
DA:75,0
DA:78,0
DA:80,0
DA:85,0
DA:86,0
DA:89,0
DA:93,0
DA:94,0
DA:95,0
DA:98,0
DA:99,0
DA:100,0
DA:102,0
DA:103,0
DA:104,0
DA:105,0
DA:107,0
DA:109,0
DA:111,0
DA:112,0
DA:115,0
DA:128,0
DA:129,0
DA:133,0
DA:134,0
DA:135,0
DA:136,0
DA:137,0
DA:141,0
DA:148,0
DA:155,0
DA:156,0
DA:158,0
DA:160,0
DA:161,0
DA:166,0
DA:167,0
DA:168,0
DA:171,0
DA:172,0
DA:175,0
DA:178,0
DA:183,0
DA:184,0
DA:188,0
DA:189,0
DA:190,0
DA:191,0
DA:192,0
DA:194,0
DA:202,0
DA:209,0
DA:210,0
DA:212,0
DA:213,0
DA:218,0
DA:223,0
LF:88
LH:0
BRDA:23,0,0,0
BRDA:23,0,1,0
BRDA:30,1,0,0
BRDA:30,1,1,0
BRDA:30,2,0,0
BRDA:30,2,1,0
BRDA:41,3,0,0
BRDA:41,3,1,0
BRDA:42,4,0,0
BRDA:42,4,1,0
BRDA:74,5,0,0
BRDA:74,5,1,0
BRDA:85,6,0,0
BRDA:85,6,1,0
BRDA:93,7,0,0
BRDA:93,7,1,0
BRDA:93,8,0,0
BRDA:93,8,1,0
BRDA:109,9,0,0
BRDA:109,9,1,0
BRDA:109,10,0,0
BRDA:109,10,1,0
BRDA:109,11,0,0
BRDA:109,11,1,0
BRDA:109,12,0,0
BRDA:109,12,1,0
BRDA:120,13,0,0
BRDA:120,13,1,0
BRDA:121,14,0,0
BRDA:121,14,1,0
BRDA:122,15,0,0
BRDA:122,15,1,0
BRDA:123,16,0,0
BRDA:123,16,1,0
BRDA:124,17,0,0
BRDA:124,17,1,0
BRDA:135,18,0,0
BRDA:135,18,1,0
BRDA:155,19,0,0
BRDA:155,19,1,0
BRDA:165,20,0,0
BRDA:166,21,0,0
BRDA:166,21,1,0
BRDA:166,22,0,0
BRDA:166,22,1,0
BRDA:183,23,0,0
BRDA:183,23,1,0
BRDA:189,24,0,0
BRDA:189,24,1,0
BRDA:189,25,0,0
BRDA:189,25,1,0
BRDA:202,26,0,0
BRDA:202,26,1,0
BRF:53
BRH:0
end_of_record
